<?xml version="1.0" encoding="UTF-8"?>
<testng-results ignored="0" total="5" passed="5" failed="0" skipped="0">
  <reporter-output>
  </reporter-output>
  <suite started-at="2021-08-26T09:45:47 IST" name="Default suite" finished-at="2021-08-26T09:45:47 IST" duration-ms="107">
    <groups>
    </groups>
    <test started-at="2021-08-26T09:45:47 IST" name="Default test" finished-at="2021-08-26T09:45:47 IST" duration-ms="107">
      <class name="com.test.InvocationCountTest">
        <test-method signature="sum()[pri:0, instance:com.test.InvocationCountTest@5dd6264]" started-at="2021-08-26T09:45:47 IST" name="sum" finished-at="2021-08-26T09:45:47 IST" duration-ms="12" status="PASS">
          <reporter-output>
          </reporter-output>
        </test-method> <!-- sum -->
        <test-method signature="sum()[pri:0, instance:com.test.InvocationCountTest@5dd6264]" started-at="2021-08-26T09:45:47 IST" name="sum" finished-at="2021-08-26T09:45:47 IST" duration-ms="2" status="PASS">
          <reporter-output>
          </reporter-output>
        </test-method> <!-- sum -->
        <test-method signature="sum()[pri:0, instance:com.test.InvocationCountTest@5dd6264]" started-at="2021-08-26T09:45:47 IST" name="sum" finished-at="2021-08-26T09:45:47 IST" duration-ms="4" status="PASS">
          <reporter-output>
          </reporter-output>
        </test-method> <!-- sum -->
        <test-method signature="sum()[pri:0, instance:com.test.InvocationCountTest@5dd6264]" started-at="2021-08-26T09:45:47 IST" name="sum" finished-at="2021-08-26T09:45:47 IST" duration-ms="2" status="PASS">
          <reporter-output>
          </reporter-output>
        </test-method> <!-- sum -->
        <test-method signature="sum()[pri:0, instance:com.test.InvocationCountTest@5dd6264]" started-at="2021-08-26T09:45:47 IST" name="sum" finished-at="2021-08-26T09:45:47 IST" duration-ms="3" status="PASS">
          <reporter-output>
          </reporter-output>
        </test-method> <!-- sum -->
      </class> <!-- com.test.InvocationCountTest -->
    </test> <!-- Default test -->
  </suite> <!-- Default suite -->
</testng-results>
