<?xml version="1.0" encoding="UTF-8"?>
<!-- Generated by org.testng.reporters.JUnitXMLReporter -->
<testsuite ignored="1" hostname="DESKTOP-FVEFBQR" failures="1" tests="15" name="Different testng features test" time="32.559" errors="0" timestamp="2021-06-07T11:42:55 IST">
  <testcase classname="com.test.ExceptionTimeOutTest" name="test1" time="0.01"/>
  <testcase classname="com.test.GoogleTest" name="googleTitleTest" time="0.015"/>
  <testcase classname="com.test.GoogleTest" name="mailLinkTest" time="0.109"/>
  <testcase classname="com.test.GoogleTest" name="test1" time="0.001"/>
  <testcase classname="com.test.GoogleTest" name="test2" time="0.002"/>
  <testcase classname="com.test.GoogleTest" name="test3" time="0.002"/>
  <testcase classname="com.test.GoogleTitleTest" name="googleLogoTest" time="0.062"/>
  <testcase classname="com.test.GoogleTitleTest" name="googleTitleTest" time="0.01">
    <failure type="java.lang.AssertionError" message="title is not matched expected [Google123] but found [Google]">
      <![CDATA[java.lang.AssertionError: title is not matched expected [Google123] but found [Google]
at com.test.GoogleTitleTest.googleTitleTest(GoogleTitleTest.java:35)
at java.base/java.util.ArrayList.forEach(ArrayList.java:1511)
... Removed 32 stack frames]]>
    </failure>
  </testcase> <!-- googleTitleTest -->
  <testcase classname="com.test.TestNgBasics" name="googleLogoTest" time="0.001"/>
  <testcase classname="com.test.TestNgBasics" name="googleTitleTest" time="0.001"/>
  <testcase classname="com.test.TestNgBasics" name="searchTest" time="0.001"/>
  <testcase classname="com.test.TestNgFeatures" name="loginTest" time="0.001"/>
  <testcase classname="com.test.TestNgFeatures" name="HomePageTest" time="0.004"/>
  <testcase classname="com.test.TestNgFeatures" name="RegPageTest" time="0.001"/>
  <testcase classname="com.test.TestNgFeatures" name="SearchPageTest" time="0.002"/>
  <testcase classname="com.test.GoogleTest" name="googleLogoTest" time="0.0">
    <ignored/>
  </testcase> <!-- googleLogoTest -->
</testsuite> <!-- Different testng features test -->
