<?xml version="1.0" encoding="UTF-8"?>
<!-- Generated by org.testng.reporters.JUnitXMLReporter -->
<testsuite ignored="0" hostname="DESKTOP-FVEFBQR" failures="0" tests="5" name="Default test" time="0.107" errors="0" timestamp="2021-08-26T09:45:47 IST">
  <testcase classname="com.test.InvocationCountTest" name="sum" time="0.012"/>
  <testcase classname="com.test.InvocationCountTest" name="sum" time="0.002"/>
  <testcase classname="com.test.InvocationCountTest" name="sum" time="0.004"/>
  <testcase classname="com.test.InvocationCountTest" name="sum" time="0.002"/>
  <testcase classname="com.test.InvocationCountTest" name="sum" time="0.003"/>
</testsuite> <!-- Default test -->
